<?xml version="1.0" encoding="UTF-8"?>
<!-- Generated by org.testng.reporters.JUnitXMLReporter -->
<testsuite hostname="leon" name="Firefox" tests="1" failures="0" timestamp="12 Jul 2016 09:50:07 GMT" time="46.563" errors="0">
  <testcase name="@BeforeMethod setup" time="0.0" classname="izmailov.selenium1.TestEmailSingletonFactory">
    <failure type="org.openqa.selenium.WebDriverException" message="Failed to connect to binary FirefoxBinary(C:\Program Files\Mozilla Firefox\firefox.exe) on port 7055; process output follows: 
assic/1.0&amp;quot;,&amp;quot;updateURL&amp;quot;:null,&amp;quot;updateKey&amp;quot;:null,&amp;quot;optionsURL&amp;quot;:null,&amp;quot;optionsType&amp;quot;:null,&amp;quot;aboutURL&amp;quot;:null,&amp;quot;icons&amp;quot;:{&amp;quot;32&amp;quot;:&amp;quot;icon.png&amp;quot;,&amp;quot;48&amp;quot;:&amp;quot;icon.png&amp;quot;},&amp;quot;iconURL&amp;quot;:null,&amp;quot;icon64URL&amp;quot;:null,&amp;quot;defaultLocale&amp;quot;:{&amp;quot;name&amp;quot;:&amp;quot;Default&amp;quot;,&amp;quot;description&amp;quot;:&amp;quot;The default theme.&amp;quot;,&amp;quot;creator&amp;quot;:&amp;quot;Mozilla&amp;quot;,&amp;quot;homepageURL&amp;quot;:null,&amp;quot;contributors&amp;quot;:[&amp;quot;Mozilla Contributors&amp;quot;]},&amp;quot;visible&amp;quot;:true,&amp;quot;active&amp;quot;:true,&amp;quot;userDisabled&amp;quot;:false,&amp;quot;appDisabled&amp;quot;:false,&amp;quot;descriptor&amp;quot;:&amp;quot;C:\\Program Files\\Mozilla Firefox\\browser\\extensions\\{972ce4c6-7e08-4474-a285-3208198ce6fd}.xpi&amp;quot;,&amp;quot;installDate&amp;quot;:1466715857734,&amp;quot;updateDate&amp;quot;:1466715857734,&amp;quot;applyBackgroundUpdates&amp;quot;:1,&amp;quot;skinnable&amp;quot;:true,&amp;quot;size&amp;quot;:22006,&amp;quot;sourceURI&amp;quot;:null,&amp;quot;releaseNotesURI&amp;quot;:null,&amp;quot;softDisabled&amp;quot;:false,&amp;quot;foreignInstall&amp;quot;:false,&amp;quot;hasBinaryComponents&amp;quot;:false,&amp;quot;strictCompatibility&amp;quot;:true,&amp;quot;locales&amp;quot;:[],&amp;quot;targetApplications&amp;quot;:[{&amp;quot;id&amp;quot;:&amp;quot;{ec8030f7-c20a-464f-9b0e-13a3a9e97384}&amp;quot;,&amp;quot;minVersion&amp;quot;:&amp;quot;47.0&amp;quot;,&amp;quot;maxVersion&amp;quot;:&amp;quot;47.0&amp;quot;}],&amp;quot;targetPlatforms&amp;quot;:[],&amp;quot;seen&amp;quot;:true}
1468316966215	addons.xpi	DEBUG	getModTime: Recursive scan of {972ce4c6-7e08-4474-a285-3208198ce6fd}
1468316966217	DeferredSave.extensions.json	DEBUG	Save changes
1468316966217	addons.xpi	DEBUG	Updating database with changes to installed add-ons
1468316966217	addons.xpi-utils	DEBUG	Updating add-on states
1468316966221	addons.xpi-utils	DEBUG	Writing add-ons list
1468316966226	addons.xpi	DEBUG	Registering manifest for C:\Program Files\Mozilla Firefox\browser\features\e10srollout@mozilla.org.xpi
1468316966228	addons.xpi	DEBUG	Calling bootstrap method startup on e10srollout@mozilla.org version 1.0
1468316966228	addons.xpi	DEBUG	Registering manifest for C:\Program Files\Mozilla Firefox\browser\features\firefox@getpocket.com.xpi
1468316966230	addons.xpi	DEBUG	Calling bootstrap method startup on firefox@getpocket.com version 1.0.2
1468316966232	addons.xpi	DEBUG	Registering manifest for C:\Program Files\Mozilla Firefox\browser\features\loop@mozilla.org.xpi
1468316966233	addons.xpi	DEBUG	Calling bootstrap method startup on loop@mozilla.org version 1.3.2
1468316966277	addons.manager	DEBUG	Registering shutdown blocker for XPIProvider
1468316966277	addons.manager	DEBUG	Provider finished startup: XPIProvider
1468316966278	addons.manager	DEBUG	Starting provider: LightweightThemeManager
1468316966278	addons.manager	DEBUG	Registering shutdown blocker for LightweightThemeManager
1468316966278	addons.manager	DEBUG	Provider finished startup: LightweightThemeManager
1468316966279	addons.manager	DEBUG	Starting provider: GMPProvider
1468316966288	addons.manager	DEBUG	Registering shutdown blocker for GMPProvider
1468316966288	addons.manager	DEBUG	Provider finished startup: GMPProvider
1468316966288	addons.manager	DEBUG	Starting provider: PluginProvider
1468316966289	addons.manager	DEBUG	Registering shutdown blocker for PluginProvider
1468316966289	addons.manager	DEBUG	Provider finished startup: PluginProvider
1468316966290	addons.manager	DEBUG	Completed startup sequence
1468316968172	addons.manager	DEBUG	Starting provider: &amp;lt;unnamed-provider&amp;gt;
1468316968172	addons.manager	DEBUG	Registering shutdown blocker for &amp;lt;unnamed-provider&amp;gt;
1468316968173	addons.manager	DEBUG	Provider finished startup: &amp;lt;unnamed-provider&amp;gt;
1468316968930	DeferredSave.extensions.json	DEBUG	Write succeeded
1468316968931	addons.xpi-utils	DEBUG	XPI Database saved, setting schema version preference to 17
1468316968931	DeferredSave.extensions.json	DEBUG	Starting timer
1468316968961	DeferredSave.extensions.json	DEBUG	Starting write
1468316968967	addons.repository	DEBUG	No addons.json found.
1468316968968	DeferredSave.addons.json	DEBUG	Save changes
1468316968982	DeferredSave.addons.json	DEBUG	Starting timer
1468316970070	addons.manager	DEBUG	Starting provider: PreviousExperimentProvider
1468316970070	addons.manager	DEBUG	Registering shutdown blocker for PreviousExperimentProvider
1468316970071	addons.manager	DEBUG	Provider finished startup: PreviousExperimentProvider
1468316970079	DeferredSave.addons.json	DEBUG	Starting write
1468316970099	DeferredSave.extensions.json	DEBUG	Write succeeded
1468316970295	DeferredSave.addons.json	DEBUG	Write succeeded

Build info: version: &amp;apos;2.53.0&amp;apos;, revision: &amp;apos;35ae25b1534ae328c771e0856c93e187490ca824&amp;apos;, time: &amp;apos;2016-03-15 10:43:46&amp;apos;
System info: host: &amp;apos;leon&amp;apos;, ip: &amp;apos;192.168.1.101&amp;apos;, os.name: &amp;apos;Windows XP&amp;apos;, os.arch: &amp;apos;x86&amp;apos;, os.version: &amp;apos;5.1&amp;apos;, java.version: &amp;apos;1.7.0_79&amp;apos;
Driver info: driver.version: FirefoxDriver">
      <![CDATA[org.openqa.selenium.WebDriverException: Failed to connect to binary FirefoxBinary(C:\Program Files\Mozilla Firefox\firefox.exe) on port 7055; process output follows: 
assic/1.0","updateURL":null,"updateKey":null,"optionsURL":null,"optionsType":null,"aboutURL":null,"icons":{"32":"icon.png","48":"icon.png"},"iconURL":null,"icon64URL":null,"defaultLocale":{"name":"Default","description":"The default theme.","creator":"Mozilla","homepageURL":null,"contributors":["Mozilla Contributors"]},"visible":true,"active":true,"userDisabled":false,"appDisabled":false,"descriptor":"C:\\Program Files\\Mozilla Firefox\\browser\\extensions\\{972ce4c6-7e08-4474-a285-3208198ce6fd}.xpi","installDate":1466715857734,"updateDate":1466715857734,"applyBackgroundUpdates":1,"skinnable":true,"size":22006,"sourceURI":null,"releaseNotesURI":null,"softDisabled":false,"foreignInstall":false,"hasBinaryComponents":false,"strictCompatibility":true,"locales":[],"targetApplications":[{"id":"{ec8030f7-c20a-464f-9b0e-13a3a9e97384}","minVersion":"47.0","maxVersion":"47.0"}],"targetPlatforms":[],"seen":true}
1468316966215	addons.xpi	DEBUG	getModTime: Recursive scan of {972ce4c6-7e08-4474-a285-3208198ce6fd}
1468316966217	DeferredSave.extensions.json	DEBUG	Save changes
1468316966217	addons.xpi	DEBUG	Updating database with changes to installed add-ons
1468316966217	addons.xpi-utils	DEBUG	Updating add-on states
1468316966221	addons.xpi-utils	DEBUG	Writing add-ons list
1468316966226	addons.xpi	DEBUG	Registering manifest for C:\Program Files\Mozilla Firefox\browser\features\e10srollout@mozilla.org.xpi
1468316966228	addons.xpi	DEBUG	Calling bootstrap method startup on e10srollout@mozilla.org version 1.0
1468316966228	addons.xpi	DEBUG	Registering manifest for C:\Program Files\Mozilla Firefox\browser\features\firefox@getpocket.com.xpi
1468316966230	addons.xpi	DEBUG	Calling bootstrap method startup on firefox@getpocket.com version 1.0.2
1468316966232	addons.xpi	DEBUG	Registering manifest for C:\Program Files\Mozilla Firefox\browser\features\loop@mozilla.org.xpi
1468316966233	addons.xpi	DEBUG	Calling bootstrap method startup on loop@mozilla.org version 1.3.2
1468316966277	addons.manager	DEBUG	Registering shutdown blocker for XPIProvider
1468316966277	addons.manager	DEBUG	Provider finished startup: XPIProvider
1468316966278	addons.manager	DEBUG	Starting provider: LightweightThemeManager
1468316966278	addons.manager	DEBUG	Registering shutdown blocker for LightweightThemeManager
1468316966278	addons.manager	DEBUG	Provider finished startup: LightweightThemeManager
1468316966279	addons.manager	DEBUG	Starting provider: GMPProvider
1468316966288	addons.manager	DEBUG	Registering shutdown blocker for GMPProvider
1468316966288	addons.manager	DEBUG	Provider finished startup: GMPProvider
1468316966288	addons.manager	DEBUG	Starting provider: PluginProvider
1468316966289	addons.manager	DEBUG	Registering shutdown blocker for PluginProvider
1468316966289	addons.manager	DEBUG	Provider finished startup: PluginProvider
1468316966290	addons.manager	DEBUG	Completed startup sequence
1468316968172	addons.manager	DEBUG	Starting provider: <unnamed-provider>
1468316968172	addons.manager	DEBUG	Registering shutdown blocker for <unnamed-provider>
1468316968173	addons.manager	DEBUG	Provider finished startup: <unnamed-provider>
1468316968930	DeferredSave.extensions.json	DEBUG	Write succeeded
1468316968931	addons.xpi-utils	DEBUG	XPI Database saved, setting schema version preference to 17
1468316968931	DeferredSave.extensions.json	DEBUG	Starting timer
1468316968961	DeferredSave.extensions.json	DEBUG	Starting write
1468316968967	addons.repository	DEBUG	No addons.json found.
1468316968968	DeferredSave.addons.json	DEBUG	Save changes
1468316968982	DeferredSave.addons.json	DEBUG	Starting timer
1468316970070	addons.manager	DEBUG	Starting provider: PreviousExperimentProvider
1468316970070	addons.manager	DEBUG	Registering shutdown blocker for PreviousExperimentProvider
1468316970071	addons.manager	DEBUG	Provider finished startup: PreviousExperimentProvider
1468316970079	DeferredSave.addons.json	DEBUG	Starting write
1468316970099	DeferredSave.extensions.json	DEBUG	Write succeeded
1468316970295	DeferredSave.addons.json	DEBUG	Write succeeded

Build info: version: '2.53.0', revision: '35ae25b1534ae328c771e0856c93e187490ca824', time: '2016-03-15 10:43:46'
System info: host: 'leon', ip: '192.168.1.101', os.name: 'Windows XP', os.arch: 'x86', os.version: '5.1', java.version: '1.7.0_79'
Driver info: driver.version: FirefoxDriver
	at org.openqa.selenium.firefox.internal.NewProfileExtensionConnection.start(NewProfileExtensionConnection.java:125)
	at org.openqa.selenium.firefox.FirefoxDriver.startClient(FirefoxDriver.java:271)
	at org.openqa.selenium.remote.RemoteWebDriver.<init>(RemoteWebDriver.java:119)
	at org.openqa.selenium.firefox.FirefoxDriver.<init>(FirefoxDriver.java:216)
	at org.openqa.selenium.firefox.FirefoxDriver.<init>(FirefoxDriver.java:211)
	at org.openqa.selenium.firefox.FirefoxDriver.<init>(FirefoxDriver.java:128)
	at framework.driver.WebDriverFactory.getInstance(WebDriverFactory.java:50)
	at izmailov.selenium1.TestEmailSingletonFactory.setup(TestEmailSingletonFactory.java:22)
	at sun.reflect.NativeMethodAccessorImpl.invoke0(Native Method)
	at sun.reflect.NativeMethodAccessorImpl.invoke(NativeMethodAccessorImpl.java:57)
	at sun.reflect.DelegatingMethodAccessorImpl.invoke(DelegatingMethodAccessorImpl.java:43)
	at java.lang.reflect.Method.invoke(Method.java:606)
	at org.testng.internal.MethodInvocationHelper.invokeMethod(MethodInvocationHelper.java:80)
	at org.testng.internal.Invoker.invokeConfigurationMethod(Invoker.java:564)
	at org.testng.internal.Invoker.invokeConfigurations(Invoker.java:213)
	at org.testng.internal.Invoker.invokeMethod(Invoker.java:653)
	at org.testng.internal.Invoker.invokeTestMethod(Invoker.java:901)
	at org.testng.internal.Invoker.invokeTestMethods(Invoker.java:1231)
	at org.testng.internal.TestMethodWorker.invokeTestMethods(TestMethodWorker.java:127)
	at org.testng.internal.TestMethodWorker.run(TestMethodWorker.java:111)
	at org.testng.TestRunner.privateRun(TestRunner.java:767)
	at org.testng.TestRunner.run(TestRunner.java:617)
	at org.testng.SuiteRunner.runTest(SuiteRunner.java:334)
	at org.testng.SuiteRunner.runSequentially(SuiteRunner.java:329)
	at org.testng.SuiteRunner.privateRun(SuiteRunner.java:291)
	at org.testng.SuiteRunner.run(SuiteRunner.java:240)
	at org.testng.SuiteRunnerWorker.runSuite(SuiteRunnerWorker.java:52)
	at org.testng.SuiteRunnerWorker.run(SuiteRunnerWorker.java:86)
	at org.testng.TestNG.runSuitesSequentially(TestNG.java:1198)
	at org.testng.TestNG.runSuitesSequentially(TestNG.java:1194)
	at org.testng.TestNG.runSuitesLocally(TestNG.java:1123)
	at org.testng.TestNG.run(TestNG.java:1031)
	at org.testng.remote.AbstractRemoteTestNG.run(AbstractRemoteTestNG.java:126)
	at org.testng.remote.RemoteTestNG.initAndRun(RemoteTestNG.java:137)
	at org.testng.remote.RemoteTestNG.main(RemoteTestNG.java:58)
Caused by: org.openqa.selenium.firefox.NotConnectedException: Unable to connect to host localhost on port 7055 after 45000 ms. Firefox console output:
assic/1.0","updateURL":null,"updateKey":null,"optionsURL":null,"optionsType":null,"aboutURL":null,"icons":{"32":"icon.png","48":"icon.png"},"iconURL":null,"icon64URL":null,"defaultLocale":{"name":"Default","description":"The default theme.","creator":"Mozilla","homepageURL":null,"contributors":["Mozilla Contributors"]},"visible":true,"active":true,"userDisabled":false,"appDisabled":false,"descriptor":"C:\\Program Files\\Mozilla Firefox\\browser\\extensions\\{972ce4c6-7e08-4474-a285-3208198ce6fd}.xpi","installDate":1466715857734,"updateDate":1466715857734,"applyBackgroundUpdates":1,"skinnable":true,"size":22006,"sourceURI":null,"releaseNotesURI":null,"softDisabled":false,"foreignInstall":false,"hasBinaryComponents":false,"strictCompatibility":true,"locales":[],"targetApplications":[{"id":"{ec8030f7-c20a-464f-9b0e-13a3a9e97384}","minVersion":"47.0","maxVersion":"47.0"}],"targetPlatforms":[],"seen":true}
1468316966215	addons.xpi	DEBUG	getModTime: Recursive scan of {972ce4c6-7e08-4474-a285-3208198ce6fd}
1468316966217	DeferredSave.extensions.json	DEBUG	Save changes
1468316966217	addons.xpi	DEBUG	Updating database with changes to installed add-ons
1468316966217	addons.xpi-utils	DEBUG	Updating add-on states
1468316966221	addons.xpi-utils	DEBUG	Writing add-ons list
1468316966226	addons.xpi	DEBUG	Registering manifest for C:\Program Files\Mozilla Firefox\browser\features\e10srollout@mozilla.org.xpi
1468316966228	addons.xpi	DEBUG	Calling bootstrap method startup on e10srollout@mozilla.org version 1.0
1468316966228	addons.xpi	DEBUG	Registering manifest for C:\Program Files\Mozilla Firefox\browser\features\firefox@getpocket.com.xpi
1468316966230	addons.xpi	DEBUG	Calling bootstrap method startup on firefox@getpocket.com version 1.0.2
1468316966232	addons.xpi	DEBUG	Registering manifest for C:\Program Files\Mozilla Firefox\browser\features\loop@mozilla.org.xpi
1468316966233	addons.xpi	DEBUG	Calling bootstrap method startup on loop@mozilla.org version 1.3.2
1468316966277	addons.manager	DEBUG	Registering shutdown blocker for XPIProvider
1468316966277	addons.manager	DEBUG	Provider finished startup: XPIProvider
1468316966278	addons.manager	DEBUG	Starting provider: LightweightThemeManager
1468316966278	addons.manager	DEBUG	Registering shutdown blocker for LightweightThemeManager
1468316966278	addons.manager	DEBUG	Provider finished startup: LightweightThemeManager
1468316966279	addons.manager	DEBUG	Starting provider: GMPProvider
1468316966288	addons.manager	DEBUG	Registering shutdown blocker for GMPProvider
1468316966288	addons.manager	DEBUG	Provider finished startup: GMPProvider
1468316966288	addons.manager	DEBUG	Starting provider: PluginProvider
1468316966289	addons.manager	DEBUG	Registering shutdown blocker for PluginProvider
1468316966289	addons.manager	DEBUG	Provider finished startup: PluginProvider
1468316966290	addons.manager	DEBUG	Completed startup sequence
1468316968172	addons.manager	DEBUG	Starting provider: <unnamed-provider>
1468316968172	addons.manager	DEBUG	Registering shutdown blocker for <unnamed-provider>
1468316968173	addons.manager	DEBUG	Provider finished startup: <unnamed-provider>
1468316968930	DeferredSave.extensions.json	DEBUG	Write succeeded
1468316968931	addons.xpi-utils	DEBUG	XPI Database saved, setting schema version preference to 17
1468316968931	DeferredSave.extensions.json	DEBUG	Starting timer
1468316968961	DeferredSave.extensions.json	DEBUG	Starting write
1468316968967	addons.repository	DEBUG	No addons.json found.
1468316968968	DeferredSave.addons.json	DEBUG	Save changes
1468316968982	DeferredSave.addons.json	DEBUG	Starting timer
1468316970070	addons.manager	DEBUG	Starting provider: PreviousExperimentProvider
1468316970070	addons.manager	DEBUG	Registering shutdown blocker for PreviousExperimentProvider
1468316970071	addons.manager	DEBUG	Provider finished startup: PreviousExperimentProvider
1468316970079	DeferredSave.addons.json	DEBUG	Starting write
1468316970099	DeferredSave.extensions.json	DEBUG	Write succeeded
1468316970295	DeferredSave.addons.json	DEBUG	Write succeeded

	at org.openqa.selenium.firefox.internal.NewProfileExtensionConnection.start(NewProfileExtensionConnection.java:113)
	... 34 more
]]>
    </failure>
  </testcase> <!-- @BeforeMethod setup -->
  <testcase name="Test" time="0.0" classname="izmailov.selenium1.TestEmailSingletonFactory">
    <skipped/>
  </testcase> <!-- Test -->
</testsuite> <!-- Firefox -->
